<?xml version="1.0" encoding="UTF-8"?>
<testng-results total="1" passed="1" failed="0" skipped="0">
  <reporter-output>
  </reporter-output>
  <suite started-at="2021-11-25T09:51:10Z" name="Surefire suite" finished-at="2021-11-25T09:51:10Z" duration-ms="20">
    <groups>
    </groups>
    <test started-at="2021-11-25T09:51:10Z" name="Surefire test" finished-at="2021-11-25T09:51:10Z" duration-ms="20">
      <class name="APITest.Demo_TestNG">
        <test-method is-config="true" signature="BS()[pri:0, instance:APITest.Demo_TestNG@1d7acb34]" started-at="2021-11-25T15:21:10Z" name="BS" finished-at="2021-11-25T15:21:10Z" duration-ms="17" status="PASS">
          <reporter-output>
          </reporter-output>
        </test-method> <!-- BS -->
        <test-method is-config="true" signature="BT()[pri:0, instance:APITest.Demo_TestNG@1d7acb34]" started-at="2021-11-25T15:21:10Z" name="BT" finished-at="2021-11-25T15:21:10Z" duration-ms="0" status="PASS">
          <reporter-output>
          </reporter-output>
        </test-method> <!-- BT -->
        <test-method signature="testcase1()[pri:0, instance:APITest.Demo_TestNG@1d7acb34]" started-at="2021-11-25T15:21:10Z" name="testcase1" finished-at="2021-11-25T15:21:10Z" duration-ms="2" status="PASS">
          <reporter-output>
          </reporter-output>
        </test-method> <!-- testcase1 -->
        <test-method is-config="true" signature="AC()[pri:0, instance:APITest.Demo_TestNG@1d7acb34]" started-at="2021-11-25T15:21:10Z" name="AC" finished-at="2021-11-25T15:21:10Z" duration-ms="0" status="PASS">
          <reporter-output>
          </reporter-output>
        </test-method> <!-- AC -->
      </class> <!-- APITest.Demo_TestNG -->
    </test> <!-- Surefire test -->
  </suite> <!-- Surefire suite -->
</testng-results>
